build/app/intermediates/manifest_merge_blame_file/release/manifest-merger-blame-release-report.txt
1<?xml version="1.0" encoding="utf-8"?>
2<manifest xmlns:android="http://schemas.android.com/apk/res/android"
3    package="com.cattleguru.cattle_guru_customer"
4    android:versionCode="4001"
5    android:versionName="1.0.0" >
6
7    <uses-sdk
8        android:minSdkVersion="21"
8-->src/main/AndroidManifest.xml
9        android:targetSdkVersion="31" />
9-->src/main/AndroidManifest.xml
10
11    <uses-permission android:name="android.permission.INTERNET" />
11-->src/main/AndroidManifest.xml:3:5-66
11-->src/main/AndroidManifest.xml:3:22-64
12    <uses-permission android:name="android.permission.ACCESS_NETWORK_STATE" />
12-->src/main/AndroidManifest.xml:4:5-79
12-->src/main/AndroidManifest.xml:4:22-76
13    <uses-permission android:name="android.permission.FOREGROUND_SERVICE" />
13-->src/main/AndroidManifest.xml:5:5-77
13-->src/main/AndroidManifest.xml:5:22-74
14    <uses-permission android:name="android.permission.ACCESS_BACKGROUND_LOCATION" />
14-->src/main/AndroidManifest.xml:6:5-84
14-->src/main/AndroidManifest.xml:6:22-82
15    <uses-permission android:name="android.permission.ACCESS_FINE_LOCATION" />
15-->src/main/AndroidManifest.xml:7:5-78
15-->src/main/AndroidManifest.xml:7:22-76
16    <uses-permission android:name="android.permission.ACCESS_COARSE_LOCATION" />
16-->src/main/AndroidManifest.xml:8:5-80
16-->src/main/AndroidManifest.xml:8:22-78
17
18    <queries>
18-->src/main/AndroidManifest.xml:9:5-18:15
19        <intent>
19-->src/main/AndroidManifest.xml:10:9-13:18
20            <action android:name="android.intent.action.VIEW" />
20-->src/main/AndroidManifest.xml:11:13-65
20-->src/main/AndroidManifest.xml:11:21-62
21
22            <data android:scheme="sms" />
22-->src/main/AndroidManifest.xml:12:13-42
22-->src/main/AndroidManifest.xml:12:19-39
23        </intent>
24        <intent>
24-->src/main/AndroidManifest.xml:14:9-17:18
25            <action android:name="android.intent.action.VIEW" />
25-->src/main/AndroidManifest.xml:11:13-65
25-->src/main/AndroidManifest.xml:11:21-62
26
27            <data android:scheme="tel" />
27-->src/main/AndroidManifest.xml:12:13-42
27-->src/main/AndroidManifest.xml:12:19-39
28        </intent>
29    </queries>
30
31    <application
32        android:name="android.app.Application"
32-->src/main/AndroidManifest.xml:21:9-42
33        android:appComponentFactory="androidx.core.app.CoreComponentFactory"
33-->[androidx.core:core:1.8.0] AndroidManifest.xml:24:18-86
34        android:icon="@mipmap/ic_launcher"
34-->src/main/AndroidManifest.xml:22:9-43
35        android:label="Cattle Guru"
35-->src/main/AndroidManifest.xml:20:9-36
36        android:requestLegacyExternalStorage="true"
36-->src/main/AndroidManifest.xml:24:9-52
37        android:usesCleartextTraffic="true" >
37-->src/main/AndroidManifest.xml:23:9-44
38        <activity
38-->src/main/AndroidManifest.xml:25:9-45:20
39            android:name="com.cattleguru.cattle_guru_customer.MainActivity"
39-->src/main/AndroidManifest.xml:26:13-41
40            android:configChanges="orientation|keyboardHidden|keyboard|screenSize|smallestScreenSize|locale|layoutDirection|fontScale|screenLayout|density|uiMode"
40-->src/main/AndroidManifest.xml:30:13-163
41            android:exported="true"
41-->src/main/AndroidManifest.xml:27:13-36
42            android:hardwareAccelerated="true"
42-->src/main/AndroidManifest.xml:31:13-47
43            android:launchMode="singleTop"
43-->src/main/AndroidManifest.xml:28:13-43
44            android:theme="@style/LaunchTheme"
44-->src/main/AndroidManifest.xml:29:13-47
45            android:windowSoftInputMode="adjustResize" >
45-->src/main/AndroidManifest.xml:32:13-55
46
47            <!--
48                 Specifies an Android theme to apply to this Activity as soon as
49                 the Android process has started. This theme is visible to the user
50                 while the Flutter UI initializes. After that, this theme continues
51                 to determine the Window background behind the Flutter UI.
52            -->
53            <meta-data
53-->src/main/AndroidManifest.xml:37:13-40:17
54                android:name="io.flutter.embedding.android.NormalTheme"
54-->src/main/AndroidManifest.xml:38:15-70
55                android:resource="@style/NormalTheme" />
55-->src/main/AndroidManifest.xml:39:15-52
56
57            <intent-filter>
57-->src/main/AndroidManifest.xml:41:13-44:29
58                <action android:name="android.intent.action.MAIN" />
58-->src/main/AndroidManifest.xml:42:17-68
58-->src/main/AndroidManifest.xml:42:25-66
59
60                <category android:name="android.intent.category.LAUNCHER" />
60-->src/main/AndroidManifest.xml:43:17-76
60-->src/main/AndroidManifest.xml:43:27-74
61            </intent-filter>
62        </activity>
63        <activity
63-->src/main/AndroidManifest.xml:46:9-49:71
64            android:name="com.yalantis.ucrop.UCropActivity"
64-->src/main/AndroidManifest.xml:47:13-60
65            android:screenOrientation="portrait"
65-->src/main/AndroidManifest.xml:48:13-49
66            android:theme="@style/Theme.AppCompat.Light.NoActionBar" />
66-->src/main/AndroidManifest.xml:49:13-69
67        <!--
68             Don't delete the meta-data below.
69             This is used by the Flutter tool to generate GeneratedPluginRegistrant.java
70        -->
71        <meta-data
71-->src/main/AndroidManifest.xml:52:9-54:33
72            android:name="flutterEmbedding"
72-->src/main/AndroidManifest.xml:53:13-44
73            android:value="2" />
73-->src/main/AndroidManifest.xml:54:13-30
74
75        <service
75-->[:firebase_app_check] AndroidManifest.xml:10:9-14:19
76            android:name="com.google.firebase.components.ComponentDiscoveryService"
76-->[:firebase_app_check] AndroidManifest.xml:10:18-89
77            android:directBootAware="true"
77-->[com.google.firebase:firebase-common:20.2.0] AndroidManifest.xml:34:13-43
78            android:exported="false" >
78-->[com.google.firebase:firebase-auth:21.1.0] AndroidManifest.xml:66:13-37
79            <meta-data
79-->[:firebase_app_check] AndroidManifest.xml:11:13-13:85
80                android:name="com.google.firebase.components:io.flutter.plugins.firebase.appcheck.FlutterFirebaseAppRegistrar"
80-->[:firebase_app_check] AndroidManifest.xml:12:17-127
81                android:value="com.google.firebase.components.ComponentRegistrar" />
81-->[:firebase_app_check] AndroidManifest.xml:13:17-82
82            <meta-data
82-->[:cloud_firestore] AndroidManifest.xml:11:13-13:85
83                android:name="com.google.firebase.components:io.flutter.plugins.firebase.firestore.FlutterFirebaseFirestoreRegistrar"
83-->[:cloud_firestore] AndroidManifest.xml:12:17-134
84                android:value="com.google.firebase.components.ComponentRegistrar" />
84-->[:cloud_firestore] AndroidManifest.xml:13:17-82
85            <meta-data
85-->[:firebase_auth] AndroidManifest.xml:11:13-13:85
86                android:name="com.google.firebase.components:io.flutter.plugins.firebase.auth.FlutterFirebaseAuthRegistrar"
86-->[:firebase_auth] AndroidManifest.xml:12:17-124
87                android:value="com.google.firebase.components.ComponentRegistrar" />
87-->[:firebase_auth] AndroidManifest.xml:13:17-82
88            <meta-data
88-->[:firebase_storage] AndroidManifest.xml:11:13-13:85
89                android:name="com.google.firebase.components:io.flutter.plugins.firebase.storage.FlutterFirebaseAppRegistrar"
89-->[:firebase_storage] AndroidManifest.xml:12:17-126
90                android:value="com.google.firebase.components.ComponentRegistrar" />
90-->[:firebase_storage] AndroidManifest.xml:13:17-82
91            <meta-data
91-->[:firebase_core] AndroidManifest.xml:11:13-13:85
92                android:name="com.google.firebase.components:io.flutter.plugins.firebase.core.FlutterFirebaseCoreRegistrar"
92-->[:firebase_core] AndroidManifest.xml:12:17-124
93                android:value="com.google.firebase.components.ComponentRegistrar" />
93-->[:firebase_core] AndroidManifest.xml:13:17-82
94            <meta-data
94-->[com.google.firebase:firebase-auth:21.1.0] AndroidManifest.xml:67:13-69:85
95                android:name="com.google.firebase.components:com.google.firebase.auth.FirebaseAuthRegistrar"
95-->[com.google.firebase:firebase-auth:21.1.0] AndroidManifest.xml:68:17-109
96                android:value="com.google.firebase.components.ComponentRegistrar" />
96-->[com.google.firebase:firebase-auth:21.1.0] AndroidManifest.xml:69:17-82
97            <meta-data
97-->[com.google.firebase:firebase-appcheck-safetynet:16.1.0] AndroidManifest.xml:27:13-29:85
98                android:name="com.google.firebase.components:com.google.firebase.appcheck.safetynet.FirebaseAppCheckSafetyNetRegistrar"
98-->[com.google.firebase:firebase-appcheck-safetynet:16.1.0] AndroidManifest.xml:28:17-136
99                android:value="com.google.firebase.components.ComponentRegistrar" />
99-->[com.google.firebase:firebase-appcheck-safetynet:16.1.0] AndroidManifest.xml:29:17-82
100            <meta-data
100-->[com.google.firebase:firebase-appcheck-debug:16.1.0] AndroidManifest.xml:27:13-29:85
101                android:name="com.google.firebase.components:com.google.firebase.appcheck.debug.FirebaseAppCheckDebugRegistrar"
101-->[com.google.firebase:firebase-appcheck-debug:16.1.0] AndroidManifest.xml:28:17-128
102                android:value="com.google.firebase.components.ComponentRegistrar" />
102-->[com.google.firebase:firebase-appcheck-debug:16.1.0] AndroidManifest.xml:29:17-82
103            <meta-data
103-->[com.google.firebase:firebase-firestore:24.4.0] AndroidManifest.xml:19:13-21:85
104                android:name="com.google.firebase.components:com.google.firebase.firestore.FirestoreRegistrar"
104-->[com.google.firebase:firebase-firestore:24.4.0] AndroidManifest.xml:20:17-111
105                android:value="com.google.firebase.components.ComponentRegistrar" />
105-->[com.google.firebase:firebase-firestore:24.4.0] AndroidManifest.xml:21:17-82
106            <meta-data
106-->[com.google.firebase:firebase-appcheck-playintegrity:16.1.0] AndroidManifest.xml:27:13-29:85
107                android:name="com.google.firebase.components:com.google.firebase.appcheck.playintegrity.FirebaseAppCheckPlayIntegrityRegistrar"
107-->[com.google.firebase:firebase-appcheck-playintegrity:16.1.0] AndroidManifest.xml:28:17-144
108                android:value="com.google.firebase.components.ComponentRegistrar" />
108-->[com.google.firebase:firebase-appcheck-playintegrity:16.1.0] AndroidManifest.xml:29:17-82
109            <meta-data
109-->[com.google.firebase:firebase-storage:20.1.0] AndroidManifest.xml:32:13-34:85
110                android:name="com.google.firebase.components:com.google.firebase.storage.StorageRegistrar"
110-->[com.google.firebase:firebase-storage:20.1.0] AndroidManifest.xml:33:17-107
111                android:value="com.google.firebase.components.ComponentRegistrar" />
111-->[com.google.firebase:firebase-storage:20.1.0] AndroidManifest.xml:34:17-82
112            <meta-data
112-->[com.google.firebase:firebase-appcheck:16.1.0] AndroidManifest.xml:27:13-29:85
113                android:name="com.google.firebase.components:com.google.firebase.appcheck.FirebaseAppCheckRegistrar"
113-->[com.google.firebase:firebase-appcheck:16.1.0] AndroidManifest.xml:28:17-117
114                android:value="com.google.firebase.components.ComponentRegistrar" />
114-->[com.google.firebase:firebase-appcheck:16.1.0] AndroidManifest.xml:29:17-82
115        </service>
116        <service
116-->[:geolocator_android] AndroidManifest.xml:12:9-16:56
117            android:name="com.baseflow.geolocator.GeolocatorLocationService"
117-->[:geolocator_android] AndroidManifest.xml:13:13-77
118            android:enabled="true"
118-->[:geolocator_android] AndroidManifest.xml:14:13-35
119            android:exported="false"
119-->[:geolocator_android] AndroidManifest.xml:15:13-37
120            android:foregroundServiceType="location" />
120-->[:geolocator_android] AndroidManifest.xml:16:13-53
121
122        <provider
122-->[:image_picker_android] AndroidManifest.xml:10:9-18:20
123            android:name="io.flutter.plugins.imagepicker.ImagePickerFileProvider"
123-->[:image_picker_android] AndroidManifest.xml:11:13-82
124            android:authorities="com.cattleguru.cattle_guru_customer.flutter.image_provider"
124-->[:image_picker_android] AndroidManifest.xml:12:13-74
125            android:exported="false"
125-->[:image_picker_android] AndroidManifest.xml:13:13-37
126            android:grantUriPermissions="true" >
126-->[:image_picker_android] AndroidManifest.xml:14:13-47
127            <meta-data
127-->[:image_picker_android] AndroidManifest.xml:15:13-17:75
128                android:name="android.support.FILE_PROVIDER_PATHS"
128-->[:image_picker_android] AndroidManifest.xml:16:17-67
129                android:resource="@xml/flutter_image_picker_file_paths" />
129-->[:image_picker_android] AndroidManifest.xml:17:17-72
130        </provider>
131
132        <activity
132-->[:url_launcher_android] AndroidManifest.xml:10:9-13:74
133            android:name="io.flutter.plugins.urllauncher.WebViewActivity"
133-->[:url_launcher_android] AndroidManifest.xml:11:13-74
134            android:exported="false"
134-->[:url_launcher_android] AndroidManifest.xml:12:13-37
135            android:theme="@android:style/Theme.NoTitleBar.Fullscreen" />
135-->[:url_launcher_android] AndroidManifest.xml:13:13-71
136
137        <provider
137-->[:share_plus] AndroidManifest.xml:10:9-18:20
138            android:name="dev.fluttercommunity.plus.share.ShareFileProvider"
138-->[:share_plus] AndroidManifest.xml:11:13-77
139            android:authorities="com.cattleguru.cattle_guru_customer.flutter.share_provider"
139-->[:share_plus] AndroidManifest.xml:12:13-74
140            android:exported="false"
140-->[:share_plus] AndroidManifest.xml:13:13-37
141            android:grantUriPermissions="true" >
141-->[:share_plus] AndroidManifest.xml:14:13-47
142            <meta-data
142-->[:image_picker_android] AndroidManifest.xml:15:13-17:75
143                android:name="android.support.FILE_PROVIDER_PATHS"
143-->[:image_picker_android] AndroidManifest.xml:16:17-67
144                android:resource="@xml/flutter_share_file_paths" />
144-->[:image_picker_android] AndroidManifest.xml:17:17-72
145        </provider>
146
147        <uses-library
147-->[androidx.window:window:1.0.0-beta04] AndroidManifest.xml:25:9-27:40
148            android:name="androidx.window.extensions"
148-->[androidx.window:window:1.0.0-beta04] AndroidManifest.xml:26:13-54
149            android:required="false" />
149-->[androidx.window:window:1.0.0-beta04] AndroidManifest.xml:27:13-37
150        <uses-library
150-->[androidx.window:window:1.0.0-beta04] AndroidManifest.xml:28:9-30:40
151            android:name="androidx.window.sidecar"
151-->[androidx.window:window:1.0.0-beta04] AndroidManifest.xml:29:13-51
152            android:required="false" />
152-->[androidx.window:window:1.0.0-beta04] AndroidManifest.xml:30:13-37
153
154        <activity
154-->[com.google.firebase:firebase-auth:21.1.0] AndroidManifest.xml:27:9-44:20
155            android:name="com.google.firebase.auth.internal.GenericIdpActivity"
155-->[com.google.firebase:firebase-auth:21.1.0] AndroidManifest.xml:28:13-80
156            android:excludeFromRecents="true"
156-->[com.google.firebase:firebase-auth:21.1.0] AndroidManifest.xml:29:13-46
157            android:exported="true"
157-->[com.google.firebase:firebase-auth:21.1.0] AndroidManifest.xml:30:13-36
158            android:launchMode="singleTask"
158-->[com.google.firebase:firebase-auth:21.1.0] AndroidManifest.xml:31:13-44
159            android:theme="@android:style/Theme.Translucent.NoTitleBar" >
159-->[com.google.firebase:firebase-auth:21.1.0] AndroidManifest.xml:32:13-72
160            <intent-filter>
160-->[com.google.firebase:firebase-auth:21.1.0] AndroidManifest.xml:33:13-43:29
161                <action android:name="android.intent.action.VIEW" />
161-->src/main/AndroidManifest.xml:11:13-65
161-->src/main/AndroidManifest.xml:11:21-62
162
163                <category android:name="android.intent.category.DEFAULT" />
163-->[com.google.firebase:firebase-auth:21.1.0] AndroidManifest.xml:36:17-76
163-->[com.google.firebase:firebase-auth:21.1.0] AndroidManifest.xml:36:27-73
164                <category android:name="android.intent.category.BROWSABLE" />
164-->[com.google.firebase:firebase-auth:21.1.0] AndroidManifest.xml:37:17-78
164-->[com.google.firebase:firebase-auth:21.1.0] AndroidManifest.xml:37:27-75
165
166                <data
166-->src/main/AndroidManifest.xml:12:13-42
167                    android:host="firebase.auth"
168                    android:path="/"
169                    android:scheme="genericidp" />
169-->src/main/AndroidManifest.xml:12:19-39
170            </intent-filter>
171        </activity>
172        <activity
172-->[com.google.firebase:firebase-auth:21.1.0] AndroidManifest.xml:45:9-62:20
173            android:name="com.google.firebase.auth.internal.RecaptchaActivity"
173-->[com.google.firebase:firebase-auth:21.1.0] AndroidManifest.xml:46:13-79
174            android:excludeFromRecents="true"
174-->[com.google.firebase:firebase-auth:21.1.0] AndroidManifest.xml:47:13-46
175            android:exported="true"
175-->[com.google.firebase:firebase-auth:21.1.0] AndroidManifest.xml:48:13-36
176            android:launchMode="singleTask"
176-->[com.google.firebase:firebase-auth:21.1.0] AndroidManifest.xml:49:13-44
177            android:theme="@android:style/Theme.Translucent.NoTitleBar" >
177-->[com.google.firebase:firebase-auth:21.1.0] AndroidManifest.xml:50:13-72
178            <intent-filter>
178-->[com.google.firebase:firebase-auth:21.1.0] AndroidManifest.xml:51:13-61:29
179                <action android:name="android.intent.action.VIEW" />
179-->src/main/AndroidManifest.xml:11:13-65
179-->src/main/AndroidManifest.xml:11:21-62
180
181                <category android:name="android.intent.category.DEFAULT" />
181-->[com.google.firebase:firebase-auth:21.1.0] AndroidManifest.xml:36:17-76
181-->[com.google.firebase:firebase-auth:21.1.0] AndroidManifest.xml:36:27-73
182                <category android:name="android.intent.category.BROWSABLE" />
182-->[com.google.firebase:firebase-auth:21.1.0] AndroidManifest.xml:37:17-78
182-->[com.google.firebase:firebase-auth:21.1.0] AndroidManifest.xml:37:27-75
183
184                <data
184-->src/main/AndroidManifest.xml:12:13-42
185                    android:host="firebase.auth"
186                    android:path="/"
187                    android:scheme="recaptcha" />
187-->src/main/AndroidManifest.xml:12:19-39
188            </intent-filter>
189        </activity>
190
191        <provider
191-->[com.google.firebase:firebase-common:20.2.0] AndroidManifest.xml:25:9-30:39
192            android:name="com.google.firebase.provider.FirebaseInitProvider"
192-->[com.google.firebase:firebase-common:20.2.0] AndroidManifest.xml:26:13-77
193            android:authorities="com.cattleguru.cattle_guru_customer.firebaseinitprovider"
193-->[com.google.firebase:firebase-common:20.2.0] AndroidManifest.xml:27:13-72
194            android:directBootAware="true"
194-->[com.google.firebase:firebase-common:20.2.0] AndroidManifest.xml:28:13-43
195            android:exported="false"
195-->[com.google.firebase:firebase-common:20.2.0] AndroidManifest.xml:29:13-37
196            android:initOrder="100" />
196-->[com.google.firebase:firebase-common:20.2.0] AndroidManifest.xml:30:13-36
197
198        <activity
198-->[com.google.android.gms:play-services-auth:20.1.0] AndroidManifest.xml:23:9-27:75
199            android:name="com.google.android.gms.auth.api.signin.internal.SignInHubActivity"
199-->[com.google.android.gms:play-services-auth:20.1.0] AndroidManifest.xml:24:13-93
200            android:excludeFromRecents="true"
200-->[com.google.android.gms:play-services-auth:20.1.0] AndroidManifest.xml:25:13-46
201            android:exported="false"
201-->[com.google.android.gms:play-services-auth:20.1.0] AndroidManifest.xml:26:13-37
202            android:theme="@android:style/Theme.Translucent.NoTitleBar" />
202-->[com.google.android.gms:play-services-auth:20.1.0] AndroidManifest.xml:27:13-72
203        <!--
204            Service handling Google Sign-In user revocation. For apps that do not integrate with
205            Google Sign-In, this service will never be started.
206        -->
207        <service
207-->[com.google.android.gms:play-services-auth:20.1.0] AndroidManifest.xml:33:9-37:51
208            android:name="com.google.android.gms.auth.api.signin.RevocationBoundService"
208-->[com.google.android.gms:play-services-auth:20.1.0] AndroidManifest.xml:34:13-89
209            android:exported="true"
209-->[com.google.android.gms:play-services-auth:20.1.0] AndroidManifest.xml:35:13-36
210            android:permission="com.google.android.gms.auth.api.signin.permission.REVOCATION_NOTIFICATION"
210-->[com.google.android.gms:play-services-auth:20.1.0] AndroidManifest.xml:36:13-107
211            android:visibleToInstantApps="true" />
211-->[com.google.android.gms:play-services-auth:20.1.0] AndroidManifest.xml:37:13-48
212
213        <activity
213-->[com.google.android.gms:play-services-base:18.0.1] AndroidManifest.xml:20:9-22:45
214            android:name="com.google.android.gms.common.api.GoogleApiActivity"
214-->[com.google.android.gms:play-services-base:18.0.1] AndroidManifest.xml:20:19-85
215            android:exported="false"
215-->[com.google.android.gms:play-services-base:18.0.1] AndroidManifest.xml:22:19-43
216            android:theme="@android:style/Theme.Translucent.NoTitleBar" />
216-->[com.google.android.gms:play-services-base:18.0.1] AndroidManifest.xml:21:19-78
217
218        <meta-data
218-->[com.google.android.gms:play-services-basement:18.1.0] AndroidManifest.xml:21:9-23:69
219            android:name="com.google.android.gms.version"
219-->[com.google.android.gms:play-services-basement:18.1.0] AndroidManifest.xml:22:13-58
220            android:value="@integer/google_play_services_version" />
220-->[com.google.android.gms:play-services-basement:18.1.0] AndroidManifest.xml:23:13-66
221    </application>
222
223</manifest>